mar. 08, 2025 4:03:26 PM liquibase.changelog
INFO: Reading resource: db/changelog/migrations/db.changelog-202503081020.sql
mar. 08, 2025 4:03:26 PM liquibase.changelog
INFO: Reading resource: db/changelog/migrations/db.changelog-202503081030.sql
mar. 08, 2025 4:03:26 PM liquibase.changelog
INFO: Reading resource: db/changelog/migrations/db.changelog-202503081040.sql
mar. 08, 2025 4:03:26 PM liquibase.changelog
INFO: Reading resource: db/changelog/migrations/db.changelog-202503081045.sql
mar. 08, 2025 4:03:26 PM liquibase.changelog
INFO: Reading resource: db/changelog/migrations/db.changelog-202503081049.sql
mar. 08, 2025 4:03:26 PM liquibase.changelog
INFO: Creating database history table with name: board.databasechangelog
mar. 08, 2025 4:03:27 PM liquibase.changelog
INFO: Reading from board.databasechangelog
mar. 08, 2025 4:03:27 PM liquibase.lockservice
INFO: Successfully acquired change log lock
mar. 08, 2025 4:03:27 PM liquibase.command
INFO: Using deploymentId: 1460607501
mar. 08, 2025 4:03:27 PM liquibase.changelog
INFO: Reading from board.databasechangelog
Running Changeset: db/changelog/migrations/db.changelog-202503081020.sql::202503081020::tatiane
mar. 08, 2025 4:03:27 PM liquibase.changelog
INFO: Custom SQL executed
mar. 08, 2025 4:03:27 PM liquibase.changelog
INFO: ChangeSet db/changelog/migrations/db.changelog-202503081020.sql::202503081020::tatiane ran successfully in 97ms
Running Changeset: db/changelog/migrations/db.changelog-202503081030.sql::202503081030::tatiane
mar. 08, 2025 4:03:27 PM liquibase.changelog
INFO: Custom SQL executed
mar. 08, 2025 4:03:27 PM liquibase.changelog
INFO: ChangeSet db/changelog/migrations/db.changelog-202503081030.sql::202503081030::tatiane ran successfully in 94ms
Running Changeset: db/changelog/migrations/db.changelog-202503081040.sql::202503081040::tatiane
mar. 08, 2025 4:03:27 PM liquibase.changelog
INFO: Custom SQL executed
mar. 08, 2025 4:03:27 PM liquibase.changelog
INFO: ChangeSet db/changelog/migrations/db.changelog-202503081040.sql::202503081040::tatiane ran successfully in 78ms
Running Changeset: db/changelog/migrations/db.changelog-202503081045.sql::202503081045::tatiane
mar. 08, 2025 4:03:27 PM liquibase.changelog
INFO: Custom SQL executed
mar. 08, 2025 4:03:27 PM liquibase.changelog
INFO: ChangeSet db/changelog/migrations/db.changelog-202503081045.sql::202503081045::tatiane ran successfully in 62ms
Running Changeset: db/changelog/migrations/db.changelog-202503081049.sql::202503081049::tatiene
mar. 08, 2025 4:03:28 PM liquibase.changelog
INFO: Custom SQL executed
mar. 08, 2025 4:03:28 PM liquibase.changelog
INFO: ChangeSet db/changelog/migrations/db.changelog-202503081049.sql::202503081049::tatiene ran successfully in 297ms

UPDATE SUMMARY
Run:                          5
Previously run:               0
Filtered out:                 0
-------------------------------
Total change sets:            5

mar. 08, 2025 4:03:28 PM liquibase.util
INFO: UPDATE SUMMARY
mar. 08, 2025 4:03:28 PM liquibase.util
INFO: Run:                          5
mar. 08, 2025 4:03:28 PM liquibase.util
INFO: Previously run:               0
mar. 08, 2025 4:03:28 PM liquibase.util
INFO: Filtered out:                 0
mar. 08, 2025 4:03:28 PM liquibase.util
INFO: -------------------------------
mar. 08, 2025 4:03:28 PM liquibase.util
INFO: Total change sets:            5
mar. 08, 2025 4:03:28 PM liquibase.util
INFO: Update summary generated
mar. 08, 2025 4:03:28 PM liquibase.command
INFO: Update command completed successfully.
Liquibase: Update has been successful. Rows affected: 5
mar. 08, 2025 4:03:28 PM liquibase.lockservice
INFO: Successfully released change log lock
mar. 08, 2025 4:03:28 PM liquibase.command
INFO: Command execution complete
